<?xml version="1.0" encoding="UTF-8"?>
<!-- Generated by org.testng.reporters.JUnitReportReporter -->
<testsuite hostname="LAPTOP-RUAJM82B" failures="0" tests="1" name="testcases.tc_loginpage.TC_LP_001" time="3.477" errors="0" timestamp="2021-07-20T22:15:04 IST" skipped="0">
  <testcase classname="testcases.tc_loginpage.TC_LP_001" name="verifyPreviewResult_Positive" time="3.477"/>
  <system-out/>
</testsuite> <!-- testcases.tc_loginpage.TC_LP_001 -->
